<?xml version="1.0" encoding="UTF-8"?>
<testng-results ignored="0" total="1" passed="1" failed="0" skipped="0">
  <reporter-output>
  </reporter-output>
  <suite started-at="2024-03-30T20:49:42 IST" name="Default suite" finished-at="2024-03-30T20:49:47 IST" duration-ms="4877">
    <groups>
    </groups>
    <test started-at="2024-03-30T20:49:42 IST" name="Default test" finished-at="2024-03-30T20:49:47 IST" duration-ms="4877">
      <class name="day4.JsonSchemaValidatorTest">
        <test-method signature="jsonSchemaValidationMethod()[pri:0, instance:day4.JsonSchemaValidatorTest@1613674b]" started-at="2024-03-30T20:49:42 IST" name="jsonSchemaValidationMethod" finished-at="2024-03-30T20:49:47 IST" duration-ms="4799" status="PASS">
          <reporter-output>
          </reporter-output>
        </test-method> <!-- jsonSchemaValidationMethod -->
      </class> <!-- day4.JsonSchemaValidatorTest -->
    </test> <!-- Default test -->
  </suite> <!-- Default suite -->
</testng-results>
